Arguments: 
  /usr/local/bin/node /usr/local/bin/yarn build

PATH: 
  /Library/Frameworks/Python.framework/Versions/3.8/bin:/usr/local/bin:/usr/bin:/bin:/usr/sbin:/sbin:/Library/Apple/usr/bin

Yarn version: 
  1.18.0

Node version: 
  14.5.0

Platform: 
  darwin x64

Trace: 
  SyntaxError: /Users/jakemoxey/git/svelte-tools/packages/async/package.json: Unexpected token / in JSON at position 253
      at JSON.parse (<anonymous>)
      at /Users/jakemoxey/.config/yarn/global/node_modules/yarn/lib/cli.js:1625:59
      at Generator.next (<anonymous>)
      at step (/Users/jakemoxey/.config/yarn/global/node_modules/yarn/lib/cli.js:304:30)
      at /Users/jakemoxey/.config/yarn/global/node_modules/yarn/lib/cli.js:315:13

npm manifest: 
  {
    "name": "@svelte-tools/async",
    "version": "0.0.0",
    "description": "A utility to help with fetching, mutating and caching async data in Svelte",
    "main": "lib/index.js",
    "module": "es/index.js",
    "unpkg": "dist/@svelte-tools/async.min.js",
    // "types": "ts/index.d.ts",
    "scripts": {
      "build": "node ../../scripts/build.js",
      "clean": "node ../../scripts/clean.js",
      "develop": "node ../../scripts/build.js --watch",
      "type-check": "tsc --noEmit",
      "lint": "eslint src/",
      "lint:fix": "eslint src/ --fix",
      "storybook": "start-storybook -p 6006",
      "build-storybook": "build-storybook"
    },
    "author": "Jake Moxey",
    "license": "MIT",
    "devDependencies": {
    },
    "dependencies": {}
  }

yarn manifest: 
  No manifest

Lockfile: 
  No lockfile
